<?xml version="1.0" encoding="UTF-8"?>
<testsuite xmlns:xsi="http://www.w3.org/2001/XMLSchema-instance" xsi:noNamespaceSchemaLocation="https://maven.apache.org/surefire/maven-surefire-plugin/xsd/surefire-test-report.xsd" version="3.0.2" name="TestSuite" time="38.21" tests="5" errors="0" skipped="0" failures="0">
  <properties>
[...]
</properties>
  <testcase name="loginPositiveScenario" classname="com.swag.testcases.LoginFunctionalityTest" time="2.495"/>
  <testcase name="filterFunctionality" classname="com.swag.testcases.ApplyFilterFunctionalityTest" time="0.282"/>
  <testcase name="addToCartFunctionality" classname="com.swag.testcases.AddToCartFunctionalityTest" time="0.183"/>
  <testcase name="checkOutFunctionality" classname="com.swag.testcases.CheckoutFunctionalityTest" time="0.513"/>
  <testcase name="LogoutFunctionality" classname="com.swag.testcases.LogoutFunctionalityTest" time="0.14"/>
</testsuite>