<?xml version="1.0" encoding="UTF-8"?>
<testng-results ignored="1" total="3" passed="2" failed="0" skipped="0">
  <reporter-output>
  </reporter-output>
  <suite started-at="2024-09-27T21:19:38 IST" name="Login Suite" finished-at="2024-09-27T21:19:47 IST" duration-ms="8775">
    <groups>
      <group name="loginPositiveScenario">
        <method signature="LoginFunctionalityTest.loginPositiveScenario()[pri:1, instance:com.swag.testcases.LoginFunctionalityTest@49964d75]" name="loginPositiveScenario" class="com.swag.testcases.LoginFunctionalityTest"/>
      </group> <!-- loginPositiveScenario -->
      <group name="functionalTest">
        <method signature="LoginFunctionalityTest.loginPositiveScenario()[pri:1, instance:com.swag.testcases.LoginFunctionalityTest@49964d75]" name="loginPositiveScenario" class="com.swag.testcases.LoginFunctionalityTest"/>
        <method signature="LogoutFunctionalityTest.LogoutFunctionality()[pri:5, instance:com.swag.testcases.LogoutFunctionalityTest@466276d8]" name="LogoutFunctionality" class="com.swag.testcases.LogoutFunctionalityTest"/>
      </group> <!-- functionalTest -->
    </groups>
    <test started-at="2024-09-27T21:19:38 IST" name="Login Functionality Test" finished-at="2024-09-27T21:19:47 IST" duration-ms="8775">
      <class name="com.swag.testcases.LogoutFunctionalityTest">
        <test-method signature="LogoutFunctionality()[pri:5, instance:com.swag.testcases.LogoutFunctionalityTest@466276d8]" started-at="2024-09-27T21:19:45 IST" name="LogoutFunctionality" description="Logout Functionality" finished-at="2024-09-27T21:19:45 IST" duration-ms="278" status="PASS">
          <reporter-output>
          </reporter-output>
        </test-method> <!-- LogoutFunctionality -->
      </class> <!-- com.swag.testcases.LogoutFunctionalityTest -->
      <class name="com.swag.testcases.LoginFunctionalityTest">
        <test-method signature="loginPositiveScenario()[pri:1, instance:com.swag.testcases.LoginFunctionalityTest@49964d75]" started-at="2024-09-27T21:19:43 IST" name="loginPositiveScenario" description="Swag Lab Positive Scenario" finished-at="2024-09-27T21:19:45 IST" duration-ms="2227" status="PASS">
          <reporter-output>
          </reporter-output>
        </test-method> <!-- loginPositiveScenario -->
      </class> <!-- com.swag.testcases.LoginFunctionalityTest -->
      <class name="com.swag.basetest.CommonToAllTest">
        <test-method is-config="true" signature="Setup()[pri:0, instance:com.swag.basetest.CommonToAllTest@61544ae6]" started-at="2024-09-27T21:19:38 IST" name="Setup" finished-at="2024-09-27T21:19:42 IST" duration-ms="4180" status="PASS">
          <reporter-output>
          </reporter-output>
        </test-method> <!-- Setup -->
        <test-method is-config="true" signature="TearDown()[pri:0, instance:com.swag.basetest.CommonToAllTest@61544ae6]" started-at="2024-09-27T21:19:45 IST" name="TearDown" finished-at="2024-09-27T21:19:47 IST" duration-ms="1558" status="PASS">
          <reporter-output>
          </reporter-output>
        </test-method> <!-- TearDown -->
      </class> <!-- com.swag.basetest.CommonToAllTest -->
    </test> <!-- Login Functionality Test -->
  </suite> <!-- Login Suite -->
</testng-results>
