<?xml version="1.0" encoding="UTF-8"?>
<!-- Generated by org.testng.reporters.JUnitXMLReporter -->
<testsuite ignored="1" hostname="LTIN292975" failures="0" tests="5" name="Login Functionality Test" time="13.071" errors="0" timestamp="2024-09-27T17:49:16 IST">
  <testcase classname="com.swag.testcases.LoginFunctionalityTest" name="loginPositiveScenario" time="2.547"/>
  <testcase classname="com.swag.testcases.ApplyFilterFunctionalityTest" name="filterFunctionality" time="0.3"/>
  <testcase classname="com.swag.testcases.AddToCartFunctionalityTest" name="addToCartFunctionality" time="0.345"/>
  <testcase classname="com.swag.testcases.CheckoutFunctionalityTest" name="checkOutFunctionality" time="0.629"/>
  <testcase classname="com.swag.testcases.LogoutFunctionalityTest" name="LogoutFunctionality" time="0.14"/>
  <testcase classname="com.swag.testcases.LoginFunctionalityTest" name="loginNegativeScenario" time="0.0">
    <ignored/>
  </testcase> <!-- loginNegativeScenario -->
</testsuite> <!-- Login Functionality Test -->
